info: ::1 - - [16/Oct/2024:18:55:52 +0000] "POST /api/v1/users/register HTTP/1.1" 201 263 "-" "PostmanRuntime/7.42.0"

info: ::1 - - [16/Oct/2024:18:56:32 +0000] "POST /api/v1/users/register HTTP/1.1" 400 33 "-" "PostmanRuntime/7.42.0"

info: ::1 - - [16/Oct/2024:18:59:06 +0000] "POST /api/v1/users/register HTTP/1.1" 201 263 "-" "PostmanRuntime/7.42.0"

info: ::1 - - [16/Oct/2024:19:00:36 +0000] "POST /api/v1/users/login HTTP/1.1" 200 251 "-" "PostmanRuntime/7.42.0"

info: ::1 - - [16/Oct/2024:19:00:56 +0000] "POST /api/v1/users/login HTTP/1.1" 200 251 "-" "PostmanRuntime/7.42.0"

info: ::1 - - [16/Oct/2024:19:01:52 +0000] "POST /api/v1/users/register HTTP/1.1" 201 265 "-" "PostmanRuntime/7.42.0"

info: ::1 - - [16/Oct/2024:19:01:54 +0000] "POST /api/v1/users/register HTTP/1.1" 400 33 "-" "PostmanRuntime/7.42.0"

info: ::1 - - [16/Oct/2024:19:02:25 +0000] "POST /api/v1/users/login HTTP/1.1" 200 253 "-" "PostmanRuntime/7.42.0"

info: ::1 - - [16/Oct/2024:19:02:32 +0000] "POST /api/v1/users/login HTTP/1.1" 400 39 "-" "PostmanRuntime/7.42.0"

info: ::1 - - [16/Oct/2024:19:02:46 +0000] "POST /api/v1/users/login HTTP/1.1" 400 39 "-" "PostmanRuntime/7.42.0"

info: ::1 - - [17/Oct/2024:04:58:22 +0000] "POST /api/v1 HTTP/1.1" 404 47 "-" "PostmanRuntime/7.42.0"

info: ::1 - - [17/Oct/2024:04:58:57 +0000] "POST /api/v1/ HTTP/1.1" 404 47 "-" "PostmanRuntime/7.42.0"

info: ::1 - - [17/Oct/2024:04:59:44 +0000] "POST /api/v1/ HTTP/1.1" 404 47 "-" "PostmanRuntime/7.42.0"

info: ::1 - - [17/Oct/2024:05:00:32 +0000] "GET /api/v1/ HTTP/1.1" 200 7 "-" "PostmanRuntime/7.42.0"

info: ::1 - - [17/Oct/2024:05:00:54 +0000] "GET /api/v1/ HTTP/1.1" 200 9 "-" "PostmanRuntime/7.42.0"

info: ::1 - - [17/Oct/2024:05:10:46 +0000] "GET /api/v1/users HTTP/1.1" 404 47 "-" "PostmanRuntime/7.42.0"

info: ::1 - - [17/Oct/2024:05:10:54 +0000] "GET /api/v1/users/login HTTP/1.1" 404 47 "-" "PostmanRuntime/7.42.0"

info: ::1 - - [17/Oct/2024:05:11:20 +0000] "POST /api/v1/users/login HTTP/1.1" 200 253 "-" "PostmanRuntime/7.42.0"

info: ::1 - - [17/Oct/2024:05:49:18 +0000] "POST /api/v1/users/register HTTP/1.1" 201 263 "-" "PostmanRuntime/7.42.0"

info: ::1 - - [17/Oct/2024:05:58:21 +0000] "POST /api/v1/users/register HTTP/1.1" 400 33 "-" "PostmanRuntime/7.42.0"

info: ::1 - - [17/Oct/2024:06:00:32 +0000] "POST /api/v1/users/login HTTP/1.1" 200 251 "-" "PostmanRuntime/7.42.0"

info: ::1 - - [17/Oct/2024:06:16:22 +0000] "POST /api/v1/users/register HTTP/1.1" 201 264 "-" "PostmanRuntime/7.42.0"

info: ::1 - - [17/Oct/2024:06:16:27 +0000] "POST /api/v1/users/register HTTP/1.1" 400 33 "-" "PostmanRuntime/7.42.0"

info: ::1 - - [17/Oct/2024:06:16:46 +0000] "POST /api/v1/users/login HTTP/1.1" 200 252 "-" "PostmanRuntime/7.42.0"

info: ::1 - - [17/Oct/2024:08:09:10 +0000] "POST /api/v1/users/register HTTP/1.1" 500 54 "-" "PostmanRuntime/7.42.0"

info: ::1 - - [17/Oct/2024:08:13:35 +0000] "POST /api/v1/users/register HTTP/1.1" 201 269 "-" "PostmanRuntime/7.42.0"

info: ::1 - - [17/Oct/2024:09:42:51 +0000] "POST /api/v1/users/login HTTP/1.1" 200 307 "-" "PostmanRuntime/7.42.0"

info: ::1 - - [17/Oct/2024:09:42:58 +0000] "POST /api/v1/users/login HTTP/1.1" 500 49 "-" "PostmanRuntime/7.42.0"

info: ::1 - - [17/Oct/2024:10:46:30 +0000] "POST /api/v1/users/login HTTP/1.1" 500 49 "-" "PostmanRuntime/7.42.0"

info: ::1 - - [17/Oct/2024:10:46:40 +0000] "POST /api/v1/users/login HTTP/1.1" 200 307 "-" "PostmanRuntime/7.42.0"

info: ::1 - - [17/Oct/2024:10:46:46 +0000] "POST /api/v1/users/login HTTP/1.1" 500 49 "-" "PostmanRuntime/7.42.0"

info: ::1 - - [17/Oct/2024:11:05:08 +0000] "POST /api/v1/users/register HTTP/1.1" 500 90 "-" "PostmanRuntime/7.42.0"

info: ::1 - - [17/Oct/2024:11:05:52 +0000] "POST /api/v1/users/register HTTP/1.1" 500 71 "-" "PostmanRuntime/7.42.0"

info: ::1 - - [17/Oct/2024:11:36:46 +0000] "POST /api/v1/users/register HTTP/1.1" 500 71 "-" "PostmanRuntime/7.42.0"

info: ::1 - - [17/Oct/2024:11:38:01 +0000] "POST /api/v1/users/regis HTTP/1.1" 404 47 "-" "PostmanRuntime/7.42.0"

info: ::1 - - [17/Oct/2024:11:41:54 +0000] "POST /api/v1/users/login HTTP/1.1" 500 71 "-" "PostmanRuntime/7.42.0"

info: ::1 - - [17/Oct/2024:11:42:03 +0000] "POST /api/v1/users/login HTTP/1.1" 500 66 "-" "PostmanRuntime/7.42.0"

info: ::1 - - [17/Oct/2024:11:43:19 +0000] "POST /api/v1/users/login HTTP/1.1" 500 49 "-" "PostmanRuntime/7.42.0"

