info: Server started at http://localhost:3000/api/v1/ {"timestamp":"2024-10-16T18:54:05.336Z"}
info: Connected to the database. {"timestamp":"2024-10-16T18:54:05.367Z"}
info: Server started at http://localhost:3000/api/v1/ {"timestamp":"2024-10-16T18:59:01.293Z"}
info: Connected to the database. {"timestamp":"2024-10-16T18:59:01.314Z"}
info: Server started at http://localhost:3000/api/v1/ {"timestamp":"2024-10-17T04:57:41.156Z"}
info: Connected to the database. {"timestamp":"2024-10-17T04:57:41.223Z"}
info: Server started at http://localhost:3000/api/v1/ {"timestamp":"2024-10-17T04:59:37.153Z"}
info: Connected to the database. {"timestamp":"2024-10-17T04:59:37.199Z"}
info: Server started at http://localhost:3000/api/v1/ {"timestamp":"2024-10-17T05:00:50.060Z"}
info: Connected to the database. {"timestamp":"2024-10-17T05:00:50.101Z"}
info: Server started at http://localhost:3000/api/v1/ {"timestamp":"2024-10-17T05:20:01.118Z"}
info: Connected to the database. {"timestamp":"2024-10-17T05:20:01.170Z"}
info: Server started at http://localhost:3000/api/v1/ {"timestamp":"2024-10-17T05:20:04.523Z"}
info: Connected to the database. {"timestamp":"2024-10-17T05:20:04.565Z"}
info: Server started at http://localhost:3000/api/v1/ {"timestamp":"2024-10-17T05:23:03.600Z"}
info: Connected to the database. {"timestamp":"2024-10-17T05:23:03.651Z"}
info: Server started at http://localhost:3000/api/v1/ {"timestamp":"2024-10-17T05:23:07.748Z"}
info: Connected to the database. {"timestamp":"2024-10-17T05:23:07.789Z"}
info: Server started at http://localhost:3000/api/v1/ {"timestamp":"2024-10-17T05:36:24.287Z"}
info: Connected to the database. {"timestamp":"2024-10-17T05:36:24.330Z"}
info: Server started at http://localhost:3000/api/v1/ {"timestamp":"2024-10-17T06:14:03.433Z"}
info: Connected to the database. {"timestamp":"2024-10-17T06:14:03.497Z"}
info: Server started at http://localhost:3000/api/v1/ {"timestamp":"2024-10-17T08:07:21.314Z"}
info: Connected to the database. {"timestamp":"2024-10-17T08:07:21.345Z"}
error: 
    status - 500 
    message - MongooseError: User already exists
    at UserService.<anonymous> (D:\backend_workspace\fundoonotes-demo\src\services\user.service.ts:17:13)
    at Generator.next (<anonymous>)
    at fulfilled (D:\backend_workspace\fundoonotes-demo\src\services\user.service.ts:5:58)
    at processTicksAndRejections (node:internal/process/task_queues:95:5) 
    url - /api/v1/users/register 
    method - POST 
    IP - ::1
   {"timestamp":"2024-10-17T08:09:10.558Z"}
info: Server started at http://localhost:3000/api/v1/ {"timestamp":"2024-10-17T09:29:57.107Z"}
info: Connected to the database. {"timestamp":"2024-10-17T09:29:57.167Z"}
info: Server started at http://localhost:3000/api/v1/ {"timestamp":"2024-10-17T09:39:45.031Z"}
info: Connected to the database. {"timestamp":"2024-10-17T09:39:45.083Z"}
info: Server started at http://localhost:3000/api/v1/ {"timestamp":"2024-10-17T09:40:26.500Z"}
info: Connected to the database. {"timestamp":"2024-10-17T09:40:26.556Z"}
info: Server started at http://localhost:3000/api/v1/ {"timestamp":"2024-10-17T09:40:40.847Z"}
info: Connected to the database. {"timestamp":"2024-10-17T09:40:40.922Z"}
info: Server started at http://localhost:3000/api/v1/ {"timestamp":"2024-10-17T09:40:42.979Z"}
info: Connected to the database. {"timestamp":"2024-10-17T09:40:43.045Z"}
info: Server started at http://localhost:3000/api/v1/ {"timestamp":"2024-10-17T09:40:46.891Z"}
info: Connected to the database. {"timestamp":"2024-10-17T09:40:46.959Z"}
info: Server started at http://localhost:3000/api/v1/ {"timestamp":"2024-10-17T09:41:46.643Z"}
info: Connected to the database. {"timestamp":"2024-10-17T09:41:46.700Z"}
error: 
    status - 500 
    message - MongooseError: User not found
    at UserService.<anonymous> (D:\backend_workspace\fundoonotes-demo\src\services\user.service.ts:34:13)
    at Generator.next (<anonymous>)
    at fulfilled (D:\backend_workspace\fundoonotes-demo\src\services\user.service.ts:5:58)
    at processTicksAndRejections (node:internal/process/task_queues:95:5) 
    url - /api/v1/users/login 
    method - POST 
    IP - ::1
   {"timestamp":"2024-10-17T09:42:58.881Z"}
info: Server started at http://localhost:3000/api/v1/ {"timestamp":"2024-10-17T10:30:44.146Z"}
info: Connected to the database. {"timestamp":"2024-10-17T10:30:44.174Z"}
error: 
    status - 500 
    message - MongooseError: User not found
    at UserService.<anonymous> (D:\backend_workspace\fundoonotes-demo\src\services\user.service.ts:34:13)
    at Generator.next (<anonymous>)
    at fulfilled (D:\backend_workspace\fundoonotes-demo\src\services\user.service.ts:5:58)
    at processTicksAndRejections (node:internal/process/task_queues:95:5) 
    url - /api/v1/users/login 
    method - POST 
    IP - ::1
   {"timestamp":"2024-10-17T10:46:30.583Z"}
error: 
    status - 500 
    message - MongooseError: User not found
    at UserService.<anonymous> (D:\backend_workspace\fundoonotes-demo\src\services\user.service.ts:34:13)
    at Generator.next (<anonymous>)
    at fulfilled (D:\backend_workspace\fundoonotes-demo\src\services\user.service.ts:5:58)
    at processTicksAndRejections (node:internal/process/task_queues:95:5) 
    url - /api/v1/users/login 
    method - POST 
    IP - ::1
   {"timestamp":"2024-10-17T10:46:46.388Z"}
error: 
    status - 500 
    message - ValidationError: "firstname" length must be at least 2 characters long 
    url - /api/v1/users/register 
    method - POST 
    IP - ::1
   {"timestamp":"2024-10-17T11:05:08.577Z"}
error: 
    status - 500 
    message - ValidationError: "email" is not allowed to be empty 
    url - /api/v1/users/register 
    method - POST 
    IP - ::1
   {"timestamp":"2024-10-17T11:05:52.144Z"}
info: Server started at http://localhost:3000/api/v1/ {"timestamp":"2024-10-17T11:36:12.529Z"}
info: Connected to the database. {"timestamp":"2024-10-17T11:36:12.597Z"}
info: Server started at http://localhost:3000/api/v1/ {"timestamp":"2024-10-17T11:36:16.493Z"}
info: Connected to the database. {"timestamp":"2024-10-17T11:36:16.600Z"}
info: Server started at http://localhost:3000/api/v1/ {"timestamp":"2024-10-17T11:36:21.080Z"}
info: Connected to the database. {"timestamp":"2024-10-17T11:36:21.129Z"}
info: Server started at http://localhost:3000/api/v1/ {"timestamp":"2024-10-17T11:36:25.720Z"}
info: Connected to the database. {"timestamp":"2024-10-17T11:36:25.777Z"}
error: 
    status - 500 
    message - ValidationError: "email" is not allowed to be empty 
    url - /api/v1/users/register 
    method - POST 
    IP - ::1
   {"timestamp":"2024-10-17T11:36:46.544Z"}
error: 
    status - 500 
    message - ValidationError: "email" is not allowed to be empty 
    url - /api/v1/users/login 
    method - POST 
    IP - ::1
   {"timestamp":"2024-10-17T11:41:54.254Z"}
error: 
    status - 500 
    message - ValidationError: "email" must be a valid email 
    url - /api/v1/users/login 
    method - POST 
    IP - ::1
   {"timestamp":"2024-10-17T11:42:03.308Z"}
error: 
    status - 500 
    message - MongooseError: User not found
    at UserService.<anonymous> (D:\backend_workspace\fundoonotes-demo\src\services\user.service.ts:34:13)
    at Generator.next (<anonymous>)
    at fulfilled (D:\backend_workspace\fundoonotes-demo\src\services\user.service.ts:5:58)
    at processTicksAndRejections (node:internal/process/task_queues:95:5) 
    url - /api/v1/users/login 
    method - POST 
    IP - ::1
   {"timestamp":"2024-10-17T11:43:19.632Z"}
